<?xml version="1.0" encoding="UTF-8"?>
<testsuite xmlns:xsi="http://www.w3.org/2001/XMLSchema-instance" xsi:schemaLocation="https://maven.apache.org/surefire/maven-surefire-plugin/xsd/surefire-test-report.xsd" name="TestSuite" time="17.943" tests="17" errors="0" skipped="0" failures="17">
  <properties>
    <property name="java.runtime.name" value="Java(TM) SE Runtime Environment"/>
    <property name="sun.boot.library.path" value="C:\Program Files\Java\jdk1.8.0_181\jre\bin"/>
    <property name="java.vm.version" value="25.181-b13"/>
    <property name="java.vm.vendor" value="Oracle Corporation"/>
    <property name="maven.multiModuleProjectDirectory" value="C:\Users\stester18\Desktop\project"/>
    <property name="java.vendor.url" value="http://java.oracle.com/"/>
    <property name="path.separator" value=";"/>
    <property name="guice.disable.misplaced.annotation.check" value="true"/>
    <property name="java.vm.name" value="Java HotSpot(TM) 64-Bit Server VM"/>
    <property name="file.encoding.pkg" value="sun.io"/>
    <property name="user.script" value=""/>
    <property name="user.country" value="IE"/>
    <property name="sun.java.launcher" value="SUN_STANDARD"/>
    <property name="sun.os.patch.level" value=""/>
    <property name="java.vm.specification.name" value="Java Virtual Machine Specification"/>
    <property name="user.dir" value="C:\Users\stester18\Desktop\project"/>
    <property name="java.runtime.version" value="1.8.0_181-b13"/>
    <property name="java.awt.graphicsenv" value="sun.awt.Win32GraphicsEnvironment"/>
    <property name="java.endorsed.dirs" value="C:\Program Files\Java\jdk1.8.0_181\jre\lib\endorsed"/>
    <property name="os.arch" value="amd64"/>
    <property name="java.io.tmpdir" value="C:\Users\STESTE~1\AppData\Local\Temp\"/>
    <property name="line.separator" value="&#10;"/>
    <property name="java.vm.specification.vendor" value="Oracle Corporation"/>
    <property name="user.variant" value=""/>
    <property name="os.name" value="Windows 10"/>
    <property name="classworlds.conf" value="C:\Users\stester18\Desktop\Workspace Selenium\.metadata\.plugins\org.eclipse.m2e.launching\launches\m2conf3530282130791369557.tmp"/>
    <property name="sun.jnu.encoding" value="Cp1252"/>
    <property name="java.library.path" value="C:\Program Files\Java\jdk1.8.0_181\bin;C:\WINDOWS\Sun\Java\bin;C:\WINDOWS\system32;C:\WINDOWS;C:/Program Files/Java/jre1.8.0_181/bin/server;C:/Program Files/Java/jre1.8.0_181/bin;C:/Program Files/Java/jre1.8.0_181/lib/amd64;C:\Program Files (x86)\Common Files\Oracle\Java\javapath;C:\Program Files\Docker\Docker\Resources\bin;C:\Program Files (x86)\Intel\Intel(R) Management Engine Components\iCLS\;C:\Program Files\Intel\Intel(R) Management Engine Components\iCLS\;C:\Program Files\Microsoft MPI\Bin\;C:\ProgramData\Oracle\Java\javapath;C:\WINDOWS\system32;C:\WINDOWS;C:\WINDOWS\System32\Wbem;C:\WINDOWS\System32\WindowsPowerShell\v1.0\;C:\Program Files\Microsoft SQL Server\130\Tools\Binn\;C:\Program Files\Microsoft SQL Server\Client SDK\ODBC\130\Tools\Binn\;C:\Program Files (x86)\Microsoft SQL Server\130\Tools\Binn\;C:\Program Files\Microsoft SQL Server\130\DTS\Binn\;C:\Program Files (x86)\Microsoft SQL Server\130\DTS\Binn\;C:\Program Files (x86)\Microsoft SQL Server\Client SDK\ODBC\130\Tools\Binn\;C:\Program Files (x86)\Microsoft SQL Server\140\Tools\Binn\;C:\Program Files (x86)\Microsoft SQL Server\140\DTS\Binn\;C:\Program Files (x86)\Microsoft SQL Server\140\Tools\Binn\ManagementStudio\;C:\Users\stester20\Desktop\all;C:\Program Files (x86)\Intel\Intel(R) Management Engine Components\DAL;C:\Program Files\Intel\Intel(R) Management Engine Components\DAL;C:\Program Files (x86)\Intel\Intel(R) Management Engine Components\IPT;C:\Program Files\Intel\Intel(R) Management Engine Components\IPT;C:\Program Files\Git\cmd;C:\Program Files\Java\jdk1.8.0_181\bin;C:\Users\stester18\AppData\Local\Microsoft\WindowsApps;;C:\eclipse;;."/>
    <property name="java.specification.name" value="Java Platform API Specification"/>
    <property name="java.class.version" value="52.0"/>
    <property name="sun.management.compiler" value="HotSpot 64-Bit Tiered Compilers"/>
    <property name="os.version" value="10.0"/>
    <property name="user.home" value="C:\Users\stester18"/>
    <property name="user.timezone" value="Europe/Berlin"/>
    <property name="java.awt.printerjob" value="sun.awt.windows.WPrinterJob"/>
    <property name="java.specification.version" value="1.8"/>
    <property name="file.encoding" value="Cp1252"/>
    <property name="user.name" value="STester18"/>
    <property name="java.class.path" value="C:\eclipse\plugins\org.eclipse.m2e.maven.runtime_1.8.3.20180227-2135\jars\plexus-classworlds-2.5.2.jar"/>
    <property name="java.vm.specification.version" value="1.8"/>
    <property name="sun.arch.data.model" value="64"/>
    <property name="java.home" value="C:\Program Files\Java\jdk1.8.0_181\jre"/>
    <property name="sun.java.command" value="org.codehaus.plexus.classworlds.launcher.Launcher -B test"/>
    <property name="java.specification.vendor" value="Oracle Corporation"/>
    <property name="user.language" value="en"/>
    <property name="awt.toolkit" value="sun.awt.windows.WToolkit"/>
    <property name="java.vm.info" value="mixed mode"/>
    <property name="java.version" value="1.8.0_181"/>
    <property name="java.ext.dirs" value="C:\Program Files\Java\jdk1.8.0_181\jre\lib\ext;C:\WINDOWS\Sun\Java\lib\ext"/>
    <property name="sun.boot.class.path" value="C:\Program Files\Java\jdk1.8.0_181\jre\lib\resources.jar;C:\Program Files\Java\jdk1.8.0_181\jre\lib\rt.jar;C:\Program Files\Java\jdk1.8.0_181\jre\lib\sunrsasign.jar;C:\Program Files\Java\jdk1.8.0_181\jre\lib\jsse.jar;C:\Program Files\Java\jdk1.8.0_181\jre\lib\jce.jar;C:\Program Files\Java\jdk1.8.0_181\jre\lib\charsets.jar;C:\Program Files\Java\jdk1.8.0_181\jre\lib\jfr.jar;C:\Program Files\Java\jdk1.8.0_181\jre\classes"/>
    <property name="java.vendor" value="Oracle Corporation"/>
    <property name="maven.home" value="C:\Users\stester18\Desktop\project\EMBEDDED"/>
    <property name="file.separator" value="\"/>
    <property name="java.vendor.url.bug" value="http://bugreport.sun.com/bugreport/"/>
    <property name="sun.cpu.endian" value="little"/>
    <property name="sun.io.unicode.encoding" value="UnicodeLittle"/>
    <property name="sun.desktop" value="windows"/>
    <property name="sun.cpu.isalist" value="amd64"/>
  </properties>
  <testcase name="verifyAgeValidation" classname="org.quotation.project.ValidateAge" time="0.431">
    <failure message="Not yet implented" type="java.lang.AssertionError">java.lang.AssertionError: Not yet implented
	at org.quotation.project.ValidateAge.verifyAgeValidation(ValidateAge.java:11)
</failure>
    <system-out><![CDATA[[main] INFO  utilities.LogReport  - Begin Test
[main] INFO  utilities.LogReport  - About to begin executing the following test : verifyAgeValidation Parameters: None
[main] INFO  utilities.LogReport  - Completed executing the following test : verifyAgeValidation Parameters: None
[main] ERROR utilities.LogReport  - verifyAgeValidation  FAILED Not yet implented
]]></system-out>
  </testcase>
  <testcase name="verifyMileageValidation" classname="org.quotation.project.ValidateMileage" time="0.29">
    <failure message="Not yet implented" type="java.lang.AssertionError">java.lang.AssertionError: Not yet implented
	at org.quotation.project.ValidateMileage.verifyMileageValidation(ValidateMileage.java:11)
</failure>
    <system-out><![CDATA[[main] INFO  utilities.LogReport  - About to begin executing the following test : verifyMileageValidation Parameters: None
[main] INFO  utilities.LogReport  - Completed executing the following test : verifyMileageValidation Parameters: None
[main] ERROR utilities.LogReport  - verifyMileageValidation  FAILED Not yet implented
]]></system-out>
  </testcase>
  <testcase name="verifyAge" classname="org.quotation.project.ValidateLayout" time="0.314">
    <failure message="Not yet implemented" type="java.lang.AssertionError">java.lang.AssertionError: Not yet implemented
	at org.quotation.project.ValidateLayout.verifyAge(ValidateLayout.java:22)
</failure>
    <system-out><![CDATA[[main] INFO  utilities.LogReport  - About to begin executing the following test : beforeClass Parameters: (Chrome)
[main] INFO  utilities.LogReport  - Completed executing the following test : beforeClass Parameters: (Chrome)
[main] INFO  utilities.LogReport  - About to begin executing the following test : verifyAge Parameters: None
[main] INFO  utilities.LogReport  - Completed executing the following test : verifyAge Parameters: None
[main] ERROR utilities.LogReport  - verifyAge  FAILED Not yet implemented
]]></system-out>
    <system-err><![CDATA[SLF4J: Failed to load class "org.slf4j.impl.StaticLoggerBinder".
SLF4J: Defaulting to no-operation (NOP) logger implementation
SLF4J: See http://www.slf4j.org/codes.html#StaticLoggerBinder for further details.
Jan 10, 2019 12:14:27 PM java.util.prefs.WindowsPreferences <init>
WARNING: Could not open/create prefs root node Software\JavaSoft\Prefs at root 0x80000002. Windows RegCreateKeyEx(...) returned error code 5.
Starting ChromeDriver 72.0.3626.7 (efcef9a3ecda02b2132af215116a03852d08b9cb) on port 16424
Only local connections are allowed.
Jan 10, 2019 12:14:29 PM org.openqa.selenium.remote.ProtocolHandshake createSession
INFO: Detected dialect: OSS
]]></system-err>
  </testcase>
  <testcase name="verifyAnnualPremium" classname="org.quotation.project.ValidateLayout" time="0.304">
    <failure message="Not yet implemented" type="java.lang.AssertionError">java.lang.AssertionError: Not yet implemented
	at org.quotation.project.ValidateLayout.verifyAnnualPremium(ValidateLayout.java:70)
</failure>
    <system-out><![CDATA[[main] INFO  utilities.LogReport  - About to begin executing the following test : verifyAnnualPremium Parameters: None
[main] INFO  utilities.LogReport  - Completed executing the following test : verifyAnnualPremium Parameters: None
[main] ERROR utilities.LogReport  - verifyAnnualPremium  FAILED Not yet implemented
]]></system-out>
  </testcase>
  <testcase name="verifyCalculatePremium" classname="org.quotation.project.ValidateLayout" time="0.312">
    <failure message="Not yet implemented" type="java.lang.AssertionError">java.lang.AssertionError: Not yet implemented
	at org.quotation.project.ValidateLayout.verifyCalculatePremium(ValidateLayout.java:82)
</failure>
    <system-out><![CDATA[[main] INFO  utilities.LogReport  - About to begin executing the following test : verifyCalculatePremium Parameters: None
[main] INFO  utilities.LogReport  - Completed executing the following test : verifyCalculatePremium Parameters: None
[main] ERROR utilities.LogReport  - verifyCalculatePremium  FAILED Not yet implemented
]]></system-out>
  </testcase>
  <testcase name="verifyClaims" classname="org.quotation.project.ValidateLayout" time="0.302">
    <failure message="Not yet implemented" type="java.lang.AssertionError">java.lang.AssertionError: Not yet implemented
	at org.quotation.project.ValidateLayout.verifyClaims(ValidateLayout.java:58)
</failure>
    <system-out><![CDATA[[main] INFO  utilities.LogReport  - About to begin executing the following test : verifyClaims Parameters: None
[main] INFO  utilities.LogReport  - Completed executing the following test : verifyClaims Parameters: None
[main] ERROR utilities.LogReport  - verifyClaims  FAILED Not yet implemented
]]></system-out>
  </testcase>
  <testcase name="verifyClear" classname="org.quotation.project.ValidateLayout" time="0.31">
    <failure message="Not yet implemented" type="java.lang.AssertionError">java.lang.AssertionError: Not yet implemented
	at org.quotation.project.ValidateLayout.verifyClear(ValidateLayout.java:88)
</failure>
    <system-out><![CDATA[[main] INFO  utilities.LogReport  - About to begin executing the following test : verifyClear Parameters: None
[main] INFO  utilities.LogReport  - Completed executing the following test : verifyClear Parameters: None
[main] ERROR utilities.LogReport  - verifyClear  FAILED Not yet implemented
]]></system-out>
  </testcase>
  <testcase name="verifyCover" classname="org.quotation.project.ValidateLayout" time="0.3">
    <failure message="Not yet implemented" type="java.lang.AssertionError">java.lang.AssertionError: Not yet implemented
	at org.quotation.project.ValidateLayout.verifyCover(ValidateLayout.java:52)
</failure>
    <system-out><![CDATA[[main] INFO  utilities.LogReport  - About to begin executing the following test : verifyCover Parameters: None
[main] INFO  utilities.LogReport  - Completed executing the following test : verifyCover Parameters: None
[main] ERROR utilities.LogReport  - verifyCover  FAILED Not yet implemented
]]></system-out>
  </testcase>
  <testcase name="verifyEmail" classname="org.quotation.project.ValidateLayout" time="0.292">
    <failure message="Not yet implemented" type="java.lang.AssertionError">java.lang.AssertionError: Not yet implemented
	at org.quotation.project.ValidateLayout.verifyEmail(ValidateLayout.java:16)
</failure>
    <system-out><![CDATA[[main] INFO  utilities.LogReport  - About to begin executing the following test : verifyEmail Parameters: None
[main] INFO  utilities.LogReport  - Completed executing the following test : verifyEmail Parameters: None
[main] ERROR utilities.LogReport  - verifyEmail  FAILED Not yet implemented
]]></system-out>
  </testcase>
  <testcase name="verifyEngineSize" classname="org.quotation.project.ValidateLayout" time="0.312">
    <failure message="Not yet implemented" type="java.lang.AssertionError">java.lang.AssertionError: Not yet implemented
	at org.quotation.project.ValidateLayout.verifyEngineSize(ValidateLayout.java:46)
</failure>
    <system-out><![CDATA[[main] INFO  utilities.LogReport  - About to begin executing the following test : verifyEngineSize Parameters: None
[main] INFO  utilities.LogReport  - Completed executing the following test : verifyEngineSize Parameters: None
[main] ERROR utilities.LogReport  - verifyEngineSize  FAILED Not yet implemented
]]></system-out>
  </testcase>
  <testcase name="verifyMakeAndModel" classname="org.quotation.project.ValidateLayout" time="0.289">
    <failure message="Not yet implemented" type="java.lang.AssertionError">java.lang.AssertionError: Not yet implemented
	at org.quotation.project.ValidateLayout.verifyMakeAndModel(ValidateLayout.java:28)
</failure>
    <system-out><![CDATA[[main] INFO  utilities.LogReport  - About to begin executing the following test : verifyMakeAndModel Parameters: None
[main] INFO  utilities.LogReport  - Completed executing the following test : verifyMakeAndModel Parameters: None
[main] ERROR utilities.LogReport  - verifyMakeAndModel  FAILED Not yet implemented
]]></system-out>
  </testcase>
  <testcase name="verifyMileage" classname="org.quotation.project.ValidateLayout" time="0.29">
    <failure message="Not yet implemented" type="java.lang.AssertionError">java.lang.AssertionError: Not yet implemented
	at org.quotation.project.ValidateLayout.verifyMileage(ValidateLayout.java:64)
</failure>
    <system-out><![CDATA[[main] INFO  utilities.LogReport  - About to begin executing the following test : verifyMileage Parameters: None
[main] INFO  utilities.LogReport  - Completed executing the following test : verifyMileage Parameters: None
[main] ERROR utilities.LogReport  - verifyMileage  FAILED Not yet implemented
]]></system-out>
  </testcase>
  <testcase name="verifyMonthlyPremium" classname="org.quotation.project.ValidateLayout" time="0.292">
    <failure message="Not yet implemented" type="java.lang.AssertionError">java.lang.AssertionError: Not yet implemented
	at org.quotation.project.ValidateLayout.verifyMonthlyPremium(ValidateLayout.java:76)
</failure>
    <system-out><![CDATA[[main] INFO  utilities.LogReport  - About to begin executing the following test : verifyMonthlyPremium Parameters: None
[main] INFO  utilities.LogReport  - Completed executing the following test : verifyMonthlyPremium Parameters: None
[main] ERROR utilities.LogReport  - verifyMonthlyPremium  FAILED Not yet implemented
]]></system-out>
  </testcase>
  <testcase name="verifyName" classname="org.quotation.project.ValidateLayout" time="0.301">
    <failure message="Not yet implemented" type="java.lang.AssertionError">java.lang.AssertionError: Not yet implemented
	at org.quotation.project.ValidateLayout.verifyName(ValidateLayout.java:10)
</failure>
    <system-out><![CDATA[[main] INFO  utilities.LogReport  - About to begin executing the following test : verifyName Parameters: None
[main] INFO  utilities.LogReport  - Completed executing the following test : verifyName Parameters: None
[main] ERROR utilities.LogReport  - verifyName  FAILED Not yet implemented
]]></system-out>
  </testcase>
  <testcase name="verifyRegistrationNo" classname="org.quotation.project.ValidateLayout" time="0.287">
    <failure message="Not yet implemented" type="java.lang.AssertionError">java.lang.AssertionError: Not yet implemented
	at org.quotation.project.ValidateLayout.verifyRegistrationNo(ValidateLayout.java:34)
</failure>
    <system-out><![CDATA[[main] INFO  utilities.LogReport  - About to begin executing the following test : verifyRegistrationNo Parameters: None
[main] INFO  utilities.LogReport  - Completed executing the following test : verifyRegistrationNo Parameters: None
[main] ERROR utilities.LogReport  - verifyRegistrationNo  FAILED Not yet implemented
]]></system-out>
  </testcase>
  <testcase name="verifyValuation" classname="org.quotation.project.ValidateLayout" time="0.308">
    <failure message="Not yet implemented" type="java.lang.AssertionError">java.lang.AssertionError: Not yet implemented
	at org.quotation.project.ValidateLayout.verifyValuation(ValidateLayout.java:40)
</failure>
    <system-out><![CDATA[[main] INFO  utilities.LogReport  - About to begin executing the following test : verifyValuation Parameters: None
[main] INFO  utilities.LogReport  - Completed executing the following test : verifyValuation Parameters: None
[main] ERROR utilities.LogReport  - verifyValuation  FAILED Not yet implemented
]]></system-out>
  </testcase>
  <testcase name="verifyPremiumCalculation" classname="org.quotation.project.ValidateCalculatePremium" time="3.315">
    <failure message="Not yet Implemented" type="java.lang.AssertionError">java.lang.AssertionError: Not yet Implemented
	at org.quotation.project.ValidateCalculatePremium.verifyPremiumCalculation(ValidateCalculatePremium.java:19)
</failure>
    <system-out><![CDATA[[main] INFO  utilities.LogReport  - About to begin executing the following test : afterClass Parameters: None
[main] INFO  utilities.LogReport  - Completed executing the following test : afterClass Parameters: None
[main] INFO  utilities.LogReport  - About to begin executing the following test : beforeClass Parameters: (Chrome)
[main] INFO  utilities.LogReport  - Completed executing the following test : beforeClass Parameters: (Chrome)
[main] INFO  utilities.LogReport  - About to begin executing the following test : initialize Parameters: None
[main] INFO  utilities.LogReport  - Completed executing the following test : initialize Parameters: None
[main] INFO  utilities.LogReport  - About to begin executing the following test : verifyPremiumCalculation Parameters: None
[main] INFO  utilities.LogReport  - Completed executing the following test : verifyPremiumCalculation Parameters: None
[main] ERROR utilities.LogReport  - verifyPremiumCalculation  FAILED Not yet Implemented
]]></system-out>
    <system-err><![CDATA[Starting ChromeDriver 72.0.3626.7 (efcef9a3ecda02b2132af215116a03852d08b9cb) on port 14198
Only local connections are allowed.
Jan 10, 2019 12:14:38 PM org.openqa.selenium.remote.ProtocolHandshake createSession
INFO: Detected dialect: OSS
]]></system-err>
  </testcase>
</testsuite>