<?xml version="1.0" encoding="UTF-8"?>
<testng-results skipped="0" failed="2" ignored="0" total="4" passed="2">
  <reporter-output>
  </reporter-output>
  <suite name="Calculate Premium" duration-ms="13881" started-at="2019-01-06T02:48:25Z" finished-at="2019-01-06T02:48:39Z">
    <groups>
    </groups>
    <test name="Calculate Premium (Chrome Browser)" duration-ms="13881" started-at="2019-01-06T02:48:25Z" finished-at="2019-01-06T02:48:39Z">
      <class name="org.quotation.project.Validation">
        <test-method status="PASS" signature="beforeClass(java.lang.String)[pri:0, instance:org.quotation.project.Validation@2b552920]" name="beforeClass" is-config="true" duration-ms="6824" started-at="2019-01-06T02:48:25Z" finished-at="2019-01-06T02:48:32Z">
          <params>
            <param index="0">
              <value>
                <![CDATA[Chrome]]>
              </value>
            </param>
          </params>
          <reporter-output>
          </reporter-output>
        </test-method> <!-- beforeClass -->
        <test-method status="PASS" signature="verifyInvalidAge()[pri:0, instance:org.quotation.project.Validation@2b552920]" name="verifyInvalidAge" duration-ms="7" started-at="2019-01-06T02:48:32Z" finished-at="2019-01-06T02:48:32Z">
          <reporter-output>
          </reporter-output>
        </test-method> <!-- verifyInvalidAge -->
        <test-method status="FAIL" signature="verifyInvalidMileage()[pri:0, instance:org.quotation.project.Validation@2b552920]" name="verifyInvalidMileage" duration-ms="2" started-at="2019-01-06T02:48:32Z" finished-at="2019-01-06T02:48:32Z">
          <exception class="java.lang.AssertionError">
            <message>
              <![CDATA[Not yet implemented]]>
            </message>
            <full-stacktrace>
              <![CDATA[java.lang.AssertionError: Not yet implemented
at org.testng.Assert.fail(Assert.java:96)
at org.quotation.project.Validation.verifyInvalidMileage(Validation.java:40)
at sun.reflect.NativeMethodAccessorImpl.invoke0(Native Method)
at sun.reflect.NativeMethodAccessorImpl.invoke(NativeMethodAccessorImpl.java:62)
at sun.reflect.DelegatingMethodAccessorImpl.invoke(DelegatingMethodAccessorImpl.java:43)
at java.lang.reflect.Method.invoke(Method.java:498)
at org.testng.internal.MethodInvocationHelper.invokeMethod(MethodInvocationHelper.java:124)
at org.testng.internal.Invoker.invokeMethod(Invoker.java:583)
at org.testng.internal.Invoker.invokeTestMethod(Invoker.java:719)
at org.testng.internal.Invoker.invokeTestMethods(Invoker.java:989)
at org.testng.internal.TestMethodWorker.invokeTestMethods(TestMethodWorker.java:125)
at org.testng.internal.TestMethodWorker.run(TestMethodWorker.java:109)
at org.testng.TestRunner.privateRun(TestRunner.java:648)
at org.testng.TestRunner.run(TestRunner.java:505)
at org.testng.SuiteRunner.runTest(SuiteRunner.java:455)
at org.testng.SuiteRunner.runSequentially(SuiteRunner.java:450)
at org.testng.SuiteRunner.privateRun(SuiteRunner.java:415)
at org.testng.SuiteRunner.run(SuiteRunner.java:364)
at org.testng.SuiteRunnerWorker.runSuite(SuiteRunnerWorker.java:52)
at org.testng.SuiteRunnerWorker.run(SuiteRunnerWorker.java:84)
at org.testng.TestNG.runSuitesSequentially(TestNG.java:1208)
at org.testng.TestNG.runSuitesLocally(TestNG.java:1137)
at org.testng.TestNG.runSuites(TestNG.java:1049)
at org.testng.TestNG.run(TestNG.java:1017)
at org.testng.remote.AbstractRemoteTestNG.run(AbstractRemoteTestNG.java:114)
at org.testng.remote.RemoteTestNG.initAndRun(RemoteTestNG.java:251)
at org.testng.remote.RemoteTestNG.main(RemoteTestNG.java:77)
]]>
            </full-stacktrace>
          </exception> <!-- java.lang.AssertionError -->
          <reporter-output>
          </reporter-output>
        </test-method> <!-- verifyInvalidMileage -->
        <test-method status="PASS" signature="afterClass()[pri:0, instance:org.quotation.project.Validation@2b552920]" name="afterClass" is-config="true" duration-ms="813" started-at="2019-01-06T02:48:33Z" finished-at="2019-01-06T02:48:34Z">
          <reporter-output>
          </reporter-output>
        </test-method> <!-- afterClass -->
      </class> <!-- org.quotation.project.Validation -->
      <class name="org.quotation.project.Layout">
        <test-method status="FAIL" signature="verifyLayout()[pri:0, instance:org.quotation.project.Layout@1f36e637]" name="verifyLayout" duration-ms="0" started-at="2019-01-06T02:48:39Z" finished-at="2019-01-06T02:48:39Z">
          <exception class="java.lang.AssertionError">
            <message>
              <![CDATA[Not yet implemented]]>
            </message>
            <full-stacktrace>
              <![CDATA[java.lang.AssertionError: Not yet implemented
at org.testng.Assert.fail(Assert.java:96)
at org.quotation.project.Layout.verifyLayout(Layout.java:10)
at sun.reflect.NativeMethodAccessorImpl.invoke0(Native Method)
at sun.reflect.NativeMethodAccessorImpl.invoke(NativeMethodAccessorImpl.java:62)
at sun.reflect.DelegatingMethodAccessorImpl.invoke(DelegatingMethodAccessorImpl.java:43)
at java.lang.reflect.Method.invoke(Method.java:498)
at org.testng.internal.MethodInvocationHelper.invokeMethod(MethodInvocationHelper.java:124)
at org.testng.internal.Invoker.invokeMethod(Invoker.java:583)
at org.testng.internal.Invoker.invokeTestMethod(Invoker.java:719)
at org.testng.internal.Invoker.invokeTestMethods(Invoker.java:989)
at org.testng.internal.TestMethodWorker.invokeTestMethods(TestMethodWorker.java:125)
at org.testng.internal.TestMethodWorker.run(TestMethodWorker.java:109)
at org.testng.TestRunner.privateRun(TestRunner.java:648)
at org.testng.TestRunner.run(TestRunner.java:505)
at org.testng.SuiteRunner.runTest(SuiteRunner.java:455)
at org.testng.SuiteRunner.runSequentially(SuiteRunner.java:450)
at org.testng.SuiteRunner.privateRun(SuiteRunner.java:415)
at org.testng.SuiteRunner.run(SuiteRunner.java:364)
at org.testng.SuiteRunnerWorker.runSuite(SuiteRunnerWorker.java:52)
at org.testng.SuiteRunnerWorker.run(SuiteRunnerWorker.java:84)
at org.testng.TestNG.runSuitesSequentially(TestNG.java:1208)
at org.testng.TestNG.runSuitesLocally(TestNG.java:1137)
at org.testng.TestNG.runSuites(TestNG.java:1049)
at org.testng.TestNG.run(TestNG.java:1017)
at org.testng.remote.AbstractRemoteTestNG.run(AbstractRemoteTestNG.java:114)
at org.testng.remote.RemoteTestNG.initAndRun(RemoteTestNG.java:251)
at org.testng.remote.RemoteTestNG.main(RemoteTestNG.java:77)
]]>
            </full-stacktrace>
          </exception> <!-- java.lang.AssertionError -->
          <reporter-output>
          </reporter-output>
        </test-method> <!-- verifyLayout -->
      </class> <!-- org.quotation.project.Layout -->
      <class name="org.quotation.project.CalculatePremium">
        <test-method status="PASS" signature="beforeClass(java.lang.String)[pri:0, instance:org.quotation.project.CalculatePremium@2758fe70]" name="beforeClass" is-config="true" duration-ms="3830" started-at="2019-01-06T02:48:34Z" finished-at="2019-01-06T02:48:37Z">
          <params>
            <param index="0">
              <value>
                <![CDATA[Chrome]]>
              </value>
            </param>
          </params>
          <reporter-output>
          </reporter-output>
        </test-method> <!-- beforeClass -->
        <test-method status="PASS" signature="initialize()[pri:0, instance:org.quotation.project.CalculatePremium@2758fe70]" name="initialize" is-config="true" duration-ms="35" started-at="2019-01-06T02:48:37Z" finished-at="2019-01-06T02:48:37Z">
          <reporter-output>
          </reporter-output>
        </test-method> <!-- initialize -->
        <test-method status="PASS" signature="verifyPremiumCalculation()[pri:0, instance:org.quotation.project.CalculatePremium@2758fe70]" name="verifyPremiumCalculation" duration-ms="577" started-at="2019-01-06T02:48:37Z" finished-at="2019-01-06T02:48:38Z">
          <reporter-output>
          </reporter-output>
        </test-method> <!-- verifyPremiumCalculation -->
        <test-method status="PASS" signature="afterClass()[pri:0, instance:org.quotation.project.CalculatePremium@2758fe70]" name="afterClass" is-config="true" duration-ms="802" started-at="2019-01-06T02:48:38Z" finished-at="2019-01-06T02:48:39Z">
          <reporter-output>
          </reporter-output>
        </test-method> <!-- afterClass -->
      </class> <!-- org.quotation.project.CalculatePremium -->
    </test> <!-- Calculate Premium (Chrome Browser) -->
  </suite> <!-- Calculate Premium -->
</testng-results>
