<?xml version="1.0" encoding="UTF-8"?>
<!-- Generated by org.testng.reporters.JUnitXMLReporter -->
<testsuite hostname="DESKTOP-GHICI8Q" ignored="0" name="Calculate Premium (Chrome Browser)" tests="4" failures="2" timestamp="06 Jan 2019 02:48:39 GMT" time="13.881" errors="0">
  <testcase name="verifyInvalidAge" time="0.007" classname="org.quotation.project.Validation"/>
  <testcase name="verifyInvalidMileage" time="0.002" classname="org.quotation.project.Validation">
    <failure type="java.lang.AssertionError" message="Not yet implemented">
      <![CDATA[java.lang.AssertionError: Not yet implemented
at org.quotation.project.Validation.verifyInvalidMileage(Validation.java:40)
... Removed 26 stack frames]]>
    </failure>
  </testcase> <!-- verifyInvalidMileage -->
  <testcase name="verifyPremiumCalculation" time="0.577" classname="org.quotation.project.CalculatePremium"/>
  <testcase name="verifyLayout" time="0.0" classname="org.quotation.project.Layout">
    <failure type="java.lang.AssertionError" message="Not yet implemented">
      <![CDATA[java.lang.AssertionError: Not yet implemented
at org.quotation.project.Layout.verifyLayout(Layout.java:10)
... Removed 26 stack frames]]>
    </failure>
  </testcase> <!-- verifyLayout -->
</testsuite> <!-- Calculate Premium (Chrome Browser) -->
